The hamiltonian matrix requires computing commutators:
Between 1-body operators -- ADJ NOR
operator number  20
hs[1][i,:,j,:] = 2 * H[a,:,b,:] 
hs[1][i,:,j,:] = 2 * H[a,:,:,b] 
hs[1][b,:,:,:] = -1 * H[a,:,:,:] * delta(j,i) 
hs[1][b,i,:,:] = -2 * H[a,j,:,:] 
hs[1][i,:,j,:] = 2 * H[:,a,b,:] 
hs[1][i,:,j,:] = 2 * H[:,a,:,b] 
hs[1][b,:,:,:] = -1 * H[:,a,:,:] * delta(j,i) 
hs[1][b,i,:,:] = -2 * H[j,a,:,:] 
hs[1][:,:,j,:] = -1 * H[:,:,i,:] * delta(a,b) 
hs[1][:,:,a,j] = -2 * H[:,:,i,b] 
hs[1][b,:,a,:] = 2 * H[j,:,i,:] 
hs[1][b,:,a,:] = 2 * H[:,j,i,:] 
hs[1][:,:,j,:] = -1 * H[:,:,:,i] * delta(a,b) 
hs[1][:,:,a,j] = -2 * H[:,:,b,i] 
hs[1][b,:,a,:] = 2 * H[j,:,:,i] 
hs[1][b,:,a,:] = 2 * H[:,j,:,i] 
hs[1][:,:,a,:] = -1 * H[:,:,b,:] * delta(j,i) 
hs[1][:,:,a,:] = -1 * H[:,:,:,b] * delta(j,i) 
hs[1][i,:,:,:] = -1 * H[j,:,:,:] * delta(a,b) 
hs[1][i,:,:,:] = -1 * H[:,j,:,:] * delta(a,b) 
===========
Between 1-body operators -- ADJ ADJ
operator number  12
hs[1][i,:,b,:] = 2 * H[a,:,j,:] 
hs[1][i,:,b,:] = 2 * H[a,:,:,j] 
hs[1][i,j,:,:] = -2 * H[a,b,:,:] 
hs[1][i,:,b,:] = 2 * H[:,a,j,:] 
hs[1][i,:,b,:] = 2 * H[:,a,:,j] 
hs[1][i,j,:,:] = -2 * H[b,a,:,:] 
hs[1][:,:,a,b] = -2 * H[:,:,i,j] 
hs[1][j,:,a,:] = 2 * H[b,:,i,:] 
hs[1][j,:,a,:] = 2 * H[:,b,i,:] 
hs[1][:,:,a,b] = -2 * H[:,:,j,i] 
hs[1][j,:,a,:] = 2 * H[b,:,:,i] 
hs[1][j,:,a,:] = 2 * H[:,b,:,i] 
Between 1-body and 2-body operators -- ADJ NOR
operator number  56
hs[2][c,i,:,j,k,:] = 2 * H[a,:,b,:] 
hs[2][b,i,:,j,k,:] = 2 * H[a,:,c,:] 
hs[2][c,i,:,j,k,:] = 2 * H[a,:,:,b] 
hs[2][b,i,:,j,k,:] = 2 * H[a,:,:,c] 
hs[2][b,c,:,k,:,:] = -1 * H[a,:,:,:] * delta(j,i) 
hs[2][b,c,i,k,:,:] = -2 * H[a,j,:,:] 
hs[2][b,c,:,j,:,:] = -1 * H[a,:,:,:] * delta(k,i) 
hs[2][b,c,i,j,:,:] = -2 * H[a,k,:,:] 
hs[2][c,i,:,j,k,:] = 2 * H[:,a,b,:] 
hs[2][b,i,:,j,k,:] = 2 * H[:,a,c,:] 
hs[2][c,i,:,j,k,:] = 2 * H[:,a,:,b] 
hs[2][b,i,:,j,k,:] = 2 * H[:,a,:,c] 
hs[2][b,c,:,k,:,:] = -1 * H[:,a,:,:] * delta(j,i) 
hs[2][b,c,i,k,:,:] = -2 * H[j,a,:,:] 
hs[2][b,c,:,j,:,:] = -1 * H[:,a,:,:] * delta(k,i) 
hs[2][b,c,i,j,:,:] = -2 * H[k,a,:,:] 
hs[2][c,:,:,j,k,:] = -1 * H[:,:,i,:] * delta(a,b) 
hs[2][b,:,:,j,k,:] = -1 * H[:,:,i,:] * delta(a,c) 
hs[2][c,:,:,a,j,k] = -2 * H[:,:,i,b] 
hs[2][b,:,:,a,j,k] = -2 * H[:,:,i,c] 
hs[2][b,c,:,a,k,:] = 2 * H[j,:,i,:] 
hs[2][b,c,:,a,k,:] = 2 * H[:,j,i,:] 
hs[2][b,c,:,a,j,:] = 2 * H[k,:,i,:] 
hs[2][b,c,:,a,j,:] = 2 * H[:,k,i,:] 
hs[2][c,:,:,j,k,:] = -1 * H[:,:,:,i] * delta(a,b) 
hs[2][b,:,:,j,k,:] = -1 * H[:,:,:,i] * delta(a,c) 
hs[2][c,:,:,a,j,k] = -2 * H[:,:,b,i] 
hs[2][b,:,:,a,j,k] = -2 * H[:,:,c,i] 
hs[2][b,c,:,a,k,:] = 2 * H[j,:,:,i] 
hs[2][b,c,:,a,k,:] = 2 * H[:,j,:,i] 
hs[2][b,c,:,a,j,:] = 2 * H[k,:,:,i] 
hs[2][b,c,:,a,j,:] = 2 * H[:,k,:,i] 
hs[2][i,:,:,j,k,:] = 1 * H[:,:,b,:] * delta(a,c) 
hs[2][c,:,:,a,k,:] = -1 * H[:,:,b,:] * delta(j,i) 
hs[2][c,:,:,a,j,:] = -1 * H[:,:,b,:] * delta(k,i) 
hs[2][i,:,:,j,k,:] = 1 * H[:,:,c,:] * delta(a,b) 
hs[2][b,:,:,a,k,:] = -1 * H[:,:,c,:] * delta(j,i) 
hs[2][b,:,:,a,j,:] = -1 * H[:,:,c,:] * delta(k,i) 
hs[2][i,:,:,j,k,:] = 1 * H[:,:,:,b] * delta(a,c) 
hs[2][c,:,:,a,k,:] = -1 * H[:,:,:,b] * delta(j,i) 
hs[2][c,:,:,a,j,:] = -1 * H[:,:,:,b] * delta(k,i) 
hs[2][i,:,:,j,k,:] = 1 * H[:,:,:,c] * delta(a,b) 
hs[2][b,:,:,a,k,:] = -1 * H[:,:,:,c] * delta(j,i) 
hs[2][b,:,:,a,j,:] = -1 * H[:,:,:,c] * delta(k,i) 
hs[2][c,i,:,k,:,:] = -1 * H[j,:,:,:] * delta(a,b) 
hs[2][b,i,:,k,:,:] = -1 * H[j,:,:,:] * delta(a,c) 
hs[2][b,c,:,a,:,:] = 1 * H[j,:,:,:] * delta(k,i) 
hs[2][c,i,:,k,:,:] = -1 * H[:,j,:,:] * delta(a,b) 
hs[2][b,i,:,k,:,:] = -1 * H[:,j,:,:] * delta(a,c) 
hs[2][b,c,:,a,:,:] = 1 * H[:,j,:,:] * delta(k,i) 
hs[2][c,i,:,j,:,:] = -1 * H[k,:,:,:] * delta(a,b) 
hs[2][b,i,:,j,:,:] = -1 * H[k,:,:,:] * delta(a,c) 
hs[2][b,c,:,a,:,:] = 1 * H[k,:,:,:] * delta(j,i) 
hs[2][c,i,:,j,:,:] = -1 * H[:,k,:,:] * delta(a,b) 
hs[2][b,i,:,j,:,:] = -1 * H[:,k,:,:] * delta(a,c) 
hs[2][b,c,:,a,:,:] = 1 * H[:,k,:,:] * delta(j,i) 
===========
Between 1-body and 2-body operators -- ADJ ADJ
operator number  24
hs[2][i,j,:,b,c,:] = 2 * H[a,:,k,:] 
hs[2][i,k,:,b,c,:] = 2 * H[a,:,j,:] 
hs[2][i,j,:,b,c,:] = 2 * H[a,:,:,k] 
hs[2][i,k,:,b,c,:] = 2 * H[a,:,:,j] 
hs[2][i,j,k,b,:,:] = -2 * H[a,c,:,:] 
hs[2][i,j,k,c,:,:] = -2 * H[a,b,:,:] 
hs[2][i,j,:,b,c,:] = 2 * H[:,a,k,:] 
hs[2][i,k,:,b,c,:] = 2 * H[:,a,j,:] 
hs[2][i,j,:,b,c,:] = 2 * H[:,a,:,k] 
hs[2][i,k,:,b,c,:] = 2 * H[:,a,:,j] 
hs[2][i,j,k,b,:,:] = -2 * H[c,a,:,:] 
hs[2][i,j,k,c,:,:] = -2 * H[b,a,:,:] 
hs[2][j,:,:,a,b,c] = -2 * H[:,:,i,k] 
hs[2][k,:,:,a,b,c] = -2 * H[:,:,i,j] 
hs[2][j,k,:,a,b,:] = 2 * H[c,:,i,:] 
hs[2][j,k,:,a,b,:] = 2 * H[:,c,i,:] 
hs[2][j,k,:,a,c,:] = 2 * H[b,:,i,:] 
hs[2][j,k,:,a,c,:] = 2 * H[:,b,i,:] 
hs[2][j,:,:,a,b,c] = -2 * H[:,:,k,i] 
hs[2][k,:,:,a,b,c] = -2 * H[:,:,j,i] 
hs[2][j,k,:,a,b,:] = 2 * H[c,:,:,i] 
hs[2][j,k,:,a,b,:] = 2 * H[:,c,:,i] 
hs[2][j,k,:,a,c,:] = 2 * H[b,:,:,i] 
hs[2][j,k,:,a,c,:] = 2 * H[:,b,:,i] 
===========
Between 2-body and 1-body operators -- ADJ NOR
operator number  56
hs[2][i,j,:,k,:,:] = 1 * H[b,:,:,:] * delta(a,c) 
hs[2][i,j,:,a,k,:] = 2 * H[b,:,c,:] 
hs[2][i,j,:,a,k,:] = 2 * H[b,:,:,c] 
hs[2][c,j,:,a,:,:] = -1 * H[b,:,:,:] * delta(k,i) 
hs[2][c,i,:,a,:,:] = -1 * H[b,:,:,:] * delta(k,j) 
hs[2][c,i,j,a,:,:] = -2 * H[b,k,:,:] 
hs[2][i,j,:,k,:,:] = 1 * H[:,b,:,:] * delta(a,c) 
hs[2][i,j,:,a,k,:] = 2 * H[:,b,c,:] 
hs[2][i,j,:,a,k,:] = 2 * H[:,b,:,c] 
hs[2][c,j,:,a,:,:] = -1 * H[:,b,:,:] * delta(k,i) 
hs[2][c,i,:,a,:,:] = -1 * H[:,b,:,:] * delta(k,j) 
hs[2][c,i,j,a,:,:] = -2 * H[k,b,:,:] 
hs[2][i,j,:,k,:,:] = 1 * H[a,:,:,:] * delta(b,c) 
hs[2][i,j,:,b,k,:] = 2 * H[a,:,c,:] 
hs[2][i,j,:,b,k,:] = 2 * H[a,:,:,c] 
hs[2][c,j,:,b,:,:] = -1 * H[a,:,:,:] * delta(k,i) 
hs[2][c,i,:,b,:,:] = -1 * H[a,:,:,:] * delta(k,j) 
hs[2][c,i,j,b,:,:] = -2 * H[a,k,:,:] 
hs[2][i,j,:,k,:,:] = 1 * H[:,a,:,:] * delta(b,c) 
hs[2][i,j,:,b,k,:] = 2 * H[:,a,c,:] 
hs[2][i,j,:,b,k,:] = 2 * H[:,a,:,c] 
hs[2][c,j,:,b,:,:] = -1 * H[:,a,:,:] * delta(k,i) 
hs[2][c,i,:,b,:,:] = -1 * H[:,a,:,:] * delta(k,j) 
hs[2][c,i,j,b,:,:] = -2 * H[k,a,:,:] 
hs[2][i,:,:,b,k,:] = -1 * H[:,:,j,:] * delta(a,c) 
hs[2][i,:,:,a,k,:] = -1 * H[:,:,j,:] * delta(b,c) 
hs[2][i,:,:,a,b,k] = -2 * H[:,:,j,c] 
hs[2][c,:,:,a,b,:] = 1 * H[:,:,j,:] * delta(k,i) 
hs[2][c,i,:,a,b,:] = 2 * H[k,:,j,:] 
hs[2][c,i,:,a,b,:] = 2 * H[:,k,j,:] 
hs[2][j,:,:,b,k,:] = -1 * H[:,:,i,:] * delta(a,c) 
hs[2][j,:,:,a,k,:] = -1 * H[:,:,i,:] * delta(b,c) 
hs[2][j,:,:,a,b,k] = -2 * H[:,:,i,c] 
hs[2][c,:,:,a,b,:] = 1 * H[:,:,i,:] * delta(k,j) 
hs[2][c,j,:,a,b,:] = 2 * H[k,:,i,:] 
hs[2][c,j,:,a,b,:] = 2 * H[:,k,i,:] 
hs[2][i,:,:,b,k,:] = -1 * H[:,:,:,j] * delta(a,c) 
hs[2][i,:,:,a,k,:] = -1 * H[:,:,:,j] * delta(b,c) 
hs[2][i,:,:,a,b,k] = -2 * H[:,:,c,j] 
hs[2][c,:,:,a,b,:] = 1 * H[:,:,:,j] * delta(k,i) 
hs[2][c,i,:,a,b,:] = 2 * H[k,:,:,j] 
hs[2][c,i,:,a,b,:] = 2 * H[:,k,:,j] 
hs[2][j,:,:,b,k,:] = -1 * H[:,:,:,i] * delta(a,c) 
hs[2][j,:,:,a,k,:] = -1 * H[:,:,:,i] * delta(b,c) 
hs[2][j,:,:,a,b,k] = -2 * H[:,:,c,i] 
hs[2][c,:,:,a,b,:] = 1 * H[:,:,:,i] * delta(k,j) 
hs[2][c,j,:,a,b,:] = 2 * H[k,:,:,i] 
hs[2][c,j,:,a,b,:] = 2 * H[:,k,:,i] 
hs[2][i,:,:,a,b,:] = -1 * H[:,:,c,:] * delta(k,j) 
hs[2][j,:,:,a,b,:] = -1 * H[:,:,c,:] * delta(k,i) 
hs[2][i,:,:,a,b,:] = -1 * H[:,:,:,c] * delta(k,j) 
hs[2][j,:,:,a,b,:] = -1 * H[:,:,:,c] * delta(k,i) 
hs[2][i,j,:,a,:,:] = -1 * H[k,:,:,:] * delta(b,c) 
hs[2][i,j,:,b,:,:] = -1 * H[k,:,:,:] * delta(a,c) 
hs[2][i,j,:,a,:,:] = -1 * H[:,k,:,:] * delta(b,c) 
hs[2][i,j,:,b,:,:] = -1 * H[:,k,:,:] * delta(a,c) 
===========
Between 1-body and 2-body operators -- ADJ ADJ
operator number  24
hs[2][i,j,:,a,c,:] = 2 * H[b,:,k,:] 
hs[2][i,j,:,a,c,:] = 2 * H[b,:,:,k] 
hs[2][i,j,k,a,:,:] = -2 * H[b,c,:,:] 
hs[2][i,j,:,a,c,:] = 2 * H[:,b,k,:] 
hs[2][i,j,:,a,c,:] = 2 * H[:,b,:,k] 
hs[2][i,j,k,a,:,:] = -2 * H[c,b,:,:] 
hs[2][i,j,:,b,c,:] = 2 * H[a,:,k,:] 
hs[2][i,j,:,b,c,:] = 2 * H[a,:,:,k] 
hs[2][i,j,k,b,:,:] = -2 * H[a,c,:,:] 
hs[2][i,j,:,b,c,:] = 2 * H[:,a,k,:] 
hs[2][i,j,:,b,c,:] = 2 * H[:,a,:,k] 
hs[2][i,j,k,b,:,:] = -2 * H[c,a,:,:] 
hs[2][i,:,:,a,b,c] = -2 * H[:,:,j,k] 
hs[2][i,k,:,a,b,:] = 2 * H[c,:,j,:] 
hs[2][i,k,:,a,b,:] = 2 * H[:,c,j,:] 
hs[2][j,:,:,a,b,c] = -2 * H[:,:,i,k] 
hs[2][j,k,:,a,b,:] = 2 * H[c,:,i,:] 
hs[2][j,k,:,a,b,:] = 2 * H[:,c,i,:] 
hs[2][i,:,:,a,b,c] = -2 * H[:,:,k,j] 
hs[2][i,k,:,a,b,:] = 2 * H[c,:,:,j] 
hs[2][i,k,:,a,b,:] = 2 * H[:,c,:,j] 
hs[2][j,:,:,a,b,c] = -2 * H[:,:,k,i] 
hs[2][j,k,:,a,b,:] = 2 * H[c,:,:,i] 
hs[2][j,k,:,a,b,:] = 2 * H[:,c,:,i] 
===========
Between 2-body operators -- ADJ NOR
operator number  144
hs[3][d,i,j,:,k,l,:,:] = 1 * H[b,:,:,:] * delta(a,c) 
hs[3][c,i,j,:,k,l,:,:] = 1 * H[b,:,:,:] * delta(a,d) 
hs[3][d,i,j,:,a,k,l,:] = 2 * H[b,:,c,:] 
hs[3][c,i,j,:,a,k,l,:] = 2 * H[b,:,d,:] 
hs[3][d,i,j,:,a,k,l,:] = 2 * H[b,:,:,c] 
hs[3][c,i,j,:,a,k,l,:] = 2 * H[b,:,:,d] 
hs[3][c,d,j,:,a,l,:,:] = -1 * H[b,:,:,:] * delta(k,i) 
hs[3][c,d,i,:,a,l,:,:] = -1 * H[b,:,:,:] * delta(k,j) 
hs[3][c,d,i,j,a,l,:,:] = -2 * H[b,k,:,:] 
hs[3][c,d,j,:,a,k,:,:] = -1 * H[b,:,:,:] * delta(l,i) 
hs[3][c,d,i,:,a,k,:,:] = -1 * H[b,:,:,:] * delta(l,j) 
hs[3][c,d,i,j,a,k,:,:] = -2 * H[b,l,:,:] 
hs[3][d,i,j,:,k,l,:,:] = 1 * H[:,b,:,:] * delta(a,c) 
hs[3][c,i,j,:,k,l,:,:] = 1 * H[:,b,:,:] * delta(a,d) 
hs[3][d,i,j,:,a,k,l,:] = 2 * H[:,b,c,:] 
hs[3][c,i,j,:,a,k,l,:] = 2 * H[:,b,d,:] 
hs[3][d,i,j,:,a,k,l,:] = 2 * H[:,b,:,c] 
hs[3][c,i,j,:,a,k,l,:] = 2 * H[:,b,:,d] 
hs[3][c,d,j,:,a,l,:,:] = -1 * H[:,b,:,:] * delta(k,i) 
hs[3][c,d,i,:,a,l,:,:] = -1 * H[:,b,:,:] * delta(k,j) 
hs[3][c,d,i,j,a,l,:,:] = -2 * H[k,b,:,:] 
hs[3][c,d,j,:,a,k,:,:] = -1 * H[:,b,:,:] * delta(l,i) 
hs[3][c,d,i,:,a,k,:,:] = -1 * H[:,b,:,:] * delta(l,j) 
hs[3][c,d,i,j,a,k,:,:] = -2 * H[l,b,:,:] 
hs[3][d,i,j,:,k,l,:,:] = 1 * H[a,:,:,:] * delta(b,c) 
hs[3][c,i,j,:,k,l,:,:] = 1 * H[a,:,:,:] * delta(b,d) 
hs[3][d,i,j,:,b,k,l,:] = 2 * H[a,:,c,:] 
hs[3][c,i,j,:,b,k,l,:] = 2 * H[a,:,d,:] 
hs[3][d,i,j,:,b,k,l,:] = 2 * H[a,:,:,c] 
hs[3][c,i,j,:,b,k,l,:] = 2 * H[a,:,:,d] 
hs[3][c,d,j,:,b,l,:,:] = -1 * H[a,:,:,:] * delta(k,i) 
hs[3][c,d,i,:,b,l,:,:] = -1 * H[a,:,:,:] * delta(k,j) 
hs[3][c,d,i,j,b,l,:,:] = -2 * H[a,k,:,:] 
hs[3][c,d,j,:,b,k,:,:] = -1 * H[a,:,:,:] * delta(l,i) 
hs[3][c,d,i,:,b,k,:,:] = -1 * H[a,:,:,:] * delta(l,j) 
hs[3][c,d,i,j,b,k,:,:] = -2 * H[a,l,:,:] 
hs[3][d,i,j,:,k,l,:,:] = 1 * H[:,a,:,:] * delta(b,c) 
hs[3][c,i,j,:,k,l,:,:] = 1 * H[:,a,:,:] * delta(b,d) 
hs[3][d,i,j,:,b,k,l,:] = 2 * H[:,a,c,:] 
hs[3][c,i,j,:,b,k,l,:] = 2 * H[:,a,d,:] 
hs[3][d,i,j,:,b,k,l,:] = 2 * H[:,a,:,c] 
hs[3][c,i,j,:,b,k,l,:] = 2 * H[:,a,:,d] 
hs[3][c,d,j,:,b,l,:,:] = -1 * H[:,a,:,:] * delta(k,i) 
hs[3][c,d,i,:,b,l,:,:] = -1 * H[:,a,:,:] * delta(k,j) 
hs[3][c,d,i,j,b,l,:,:] = -2 * H[k,a,:,:] 
hs[3][c,d,j,:,b,k,:,:] = -1 * H[:,a,:,:] * delta(l,i) 
hs[3][c,d,i,:,b,k,:,:] = -1 * H[:,a,:,:] * delta(l,j) 
hs[3][c,d,i,j,b,k,:,:] = -2 * H[l,a,:,:] 
hs[3][d,i,:,:,b,k,l,:] = -1 * H[:,:,j,:] * delta(a,c) 
hs[3][c,i,:,:,b,k,l,:] = -1 * H[:,:,j,:] * delta(a,d) 
hs[3][d,i,:,:,a,k,l,:] = -1 * H[:,:,j,:] * delta(b,c) 
hs[3][c,i,:,:,a,k,l,:] = -1 * H[:,:,j,:] * delta(b,d) 
hs[3][d,i,:,:,a,b,k,l] = -2 * H[:,:,j,c] 
hs[3][c,i,:,:,a,b,k,l] = -2 * H[:,:,j,d] 
hs[3][c,d,:,:,a,b,l,:] = 1 * H[:,:,j,:] * delta(k,i) 
hs[3][c,d,i,:,a,b,l,:] = 2 * H[k,:,j,:] 
hs[3][c,d,i,:,a,b,l,:] = 2 * H[:,k,j,:] 
hs[3][c,d,:,:,a,b,k,:] = 1 * H[:,:,j,:] * delta(l,i) 
hs[3][c,d,i,:,a,b,k,:] = 2 * H[l,:,j,:] 
hs[3][c,d,i,:,a,b,k,:] = 2 * H[:,l,j,:] 
hs[3][d,j,:,:,b,k,l,:] = -1 * H[:,:,i,:] * delta(a,c) 
hs[3][c,j,:,:,b,k,l,:] = -1 * H[:,:,i,:] * delta(a,d) 
hs[3][d,j,:,:,a,k,l,:] = -1 * H[:,:,i,:] * delta(b,c) 
hs[3][c,j,:,:,a,k,l,:] = -1 * H[:,:,i,:] * delta(b,d) 
hs[3][d,j,:,:,a,b,k,l] = -2 * H[:,:,i,c] 
hs[3][c,j,:,:,a,b,k,l] = -2 * H[:,:,i,d] 
hs[3][c,d,:,:,a,b,l,:] = 1 * H[:,:,i,:] * delta(k,j) 
hs[3][c,d,j,:,a,b,l,:] = 2 * H[k,:,i,:] 
hs[3][c,d,j,:,a,b,l,:] = 2 * H[:,k,i,:] 
hs[3][c,d,:,:,a,b,k,:] = 1 * H[:,:,i,:] * delta(l,j) 
hs[3][c,d,j,:,a,b,k,:] = 2 * H[l,:,i,:] 
hs[3][c,d,j,:,a,b,k,:] = 2 * H[:,l,i,:] 
hs[3][d,i,:,:,b,k,l,:] = -1 * H[:,:,:,j] * delta(a,c) 
hs[3][c,i,:,:,b,k,l,:] = -1 * H[:,:,:,j] * delta(a,d) 
hs[3][d,i,:,:,a,k,l,:] = -1 * H[:,:,:,j] * delta(b,c) 
hs[3][c,i,:,:,a,k,l,:] = -1 * H[:,:,:,j] * delta(b,d) 
hs[3][d,i,:,:,a,b,k,l] = -2 * H[:,:,c,j] 
hs[3][c,i,:,:,a,b,k,l] = -2 * H[:,:,d,j] 
hs[3][c,d,:,:,a,b,l,:] = 1 * H[:,:,:,j] * delta(k,i) 
hs[3][c,d,i,:,a,b,l,:] = 2 * H[k,:,:,j] 
hs[3][c,d,i,:,a,b,l,:] = 2 * H[:,k,:,j] 
hs[3][c,d,:,:,a,b,k,:] = 1 * H[:,:,:,j] * delta(l,i) 
hs[3][c,d,i,:,a,b,k,:] = 2 * H[l,:,:,j] 
hs[3][c,d,i,:,a,b,k,:] = 2 * H[:,l,:,j] 
hs[3][d,j,:,:,b,k,l,:] = -1 * H[:,:,:,i] * delta(a,c) 
hs[3][c,j,:,:,b,k,l,:] = -1 * H[:,:,:,i] * delta(a,d) 
hs[3][d,j,:,:,a,k,l,:] = -1 * H[:,:,:,i] * delta(b,c) 
hs[3][c,j,:,:,a,k,l,:] = -1 * H[:,:,:,i] * delta(b,d) 
hs[3][d,j,:,:,a,b,k,l] = -2 * H[:,:,c,i] 
hs[3][c,j,:,:,a,b,k,l] = -2 * H[:,:,d,i] 
hs[3][c,d,:,:,a,b,l,:] = 1 * H[:,:,:,i] * delta(k,j) 
hs[3][c,d,j,:,a,b,l,:] = 2 * H[k,:,:,i] 
hs[3][c,d,j,:,a,b,l,:] = 2 * H[:,k,:,i] 
hs[3][c,d,:,:,a,b,k,:] = 1 * H[:,:,:,i] * delta(l,j) 
hs[3][c,d,j,:,a,b,k,:] = 2 * H[l,:,:,i] 
hs[3][c,d,j,:,a,b,k,:] = 2 * H[:,l,:,i] 
hs[3][i,j,:,:,a,k,l,:] = 1 * H[:,:,c,:] * delta(b,d) 
hs[3][i,j,:,:,b,k,l,:] = 1 * H[:,:,c,:] * delta(a,d) 
hs[3][d,i,:,:,a,b,l,:] = -1 * H[:,:,c,:] * delta(k,j) 
hs[3][d,j,:,:,a,b,l,:] = -1 * H[:,:,c,:] * delta(k,i) 
hs[3][d,i,:,:,a,b,k,:] = -1 * H[:,:,c,:] * delta(l,j) 
hs[3][d,j,:,:,a,b,k,:] = -1 * H[:,:,c,:] * delta(l,i) 
hs[3][i,j,:,:,a,k,l,:] = 1 * H[:,:,d,:] * delta(b,c) 
hs[3][i,j,:,:,b,k,l,:] = 1 * H[:,:,d,:] * delta(a,c) 
hs[3][c,i,:,:,a,b,l,:] = -1 * H[:,:,d,:] * delta(k,j) 
hs[3][c,j,:,:,a,b,l,:] = -1 * H[:,:,d,:] * delta(k,i) 
hs[3][c,i,:,:,a,b,k,:] = -1 * H[:,:,d,:] * delta(l,j) 
hs[3][c,j,:,:,a,b,k,:] = -1 * H[:,:,d,:] * delta(l,i) 
hs[3][i,j,:,:,a,k,l,:] = 1 * H[:,:,:,c] * delta(b,d) 
hs[3][i,j,:,:,b,k,l,:] = 1 * H[:,:,:,c] * delta(a,d) 
hs[3][d,i,:,:,a,b,l,:] = -1 * H[:,:,:,c] * delta(k,j) 
hs[3][d,j,:,:,a,b,l,:] = -1 * H[:,:,:,c] * delta(k,i) 
hs[3][d,i,:,:,a,b,k,:] = -1 * H[:,:,:,c] * delta(l,j) 
hs[3][d,j,:,:,a,b,k,:] = -1 * H[:,:,:,c] * delta(l,i) 
hs[3][i,j,:,:,a,k,l,:] = 1 * H[:,:,:,d] * delta(b,c) 
hs[3][i,j,:,:,b,k,l,:] = 1 * H[:,:,:,d] * delta(a,c) 
hs[3][c,i,:,:,a,b,l,:] = -1 * H[:,:,:,d] * delta(k,j) 
hs[3][c,j,:,:,a,b,l,:] = -1 * H[:,:,:,d] * delta(k,i) 
hs[3][c,i,:,:,a,b,k,:] = -1 * H[:,:,:,d] * delta(l,j) 
hs[3][c,j,:,:,a,b,k,:] = -1 * H[:,:,:,d] * delta(l,i) 
hs[3][d,i,j,:,a,l,:,:] = -1 * H[k,:,:,:] * delta(b,c) 
hs[3][c,i,j,:,a,l,:,:] = -1 * H[k,:,:,:] * delta(b,d) 
hs[3][d,i,j,:,b,l,:,:] = -1 * H[k,:,:,:] * delta(a,c) 
hs[3][c,i,j,:,b,l,:,:] = -1 * H[k,:,:,:] * delta(a,d) 
hs[3][c,d,i,:,a,b,:,:] = 1 * H[k,:,:,:] * delta(l,j) 
hs[3][c,d,j,:,a,b,:,:] = 1 * H[k,:,:,:] * delta(l,i) 
hs[3][d,i,j,:,a,l,:,:] = -1 * H[:,k,:,:] * delta(b,c) 
hs[3][c,i,j,:,a,l,:,:] = -1 * H[:,k,:,:] * delta(b,d) 
hs[3][d,i,j,:,b,l,:,:] = -1 * H[:,k,:,:] * delta(a,c) 
hs[3][c,i,j,:,b,l,:,:] = -1 * H[:,k,:,:] * delta(a,d) 
hs[3][c,d,i,:,a,b,:,:] = 1 * H[:,k,:,:] * delta(l,j) 
hs[3][c,d,j,:,a,b,:,:] = 1 * H[:,k,:,:] * delta(l,i) 
hs[3][d,i,j,:,a,k,:,:] = -1 * H[l,:,:,:] * delta(b,c) 
hs[3][c,i,j,:,a,k,:,:] = -1 * H[l,:,:,:] * delta(b,d) 
hs[3][d,i,j,:,b,k,:,:] = -1 * H[l,:,:,:] * delta(a,c) 
hs[3][c,i,j,:,b,k,:,:] = -1 * H[l,:,:,:] * delta(a,d) 
hs[3][c,d,i,:,a,b,:,:] = 1 * H[l,:,:,:] * delta(k,j) 
hs[3][c,d,j,:,a,b,:,:] = 1 * H[l,:,:,:] * delta(k,i) 
hs[3][d,i,j,:,a,k,:,:] = -1 * H[:,l,:,:] * delta(b,c) 
hs[3][c,i,j,:,a,k,:,:] = -1 * H[:,l,:,:] * delta(b,d) 
hs[3][d,i,j,:,b,k,:,:] = -1 * H[:,l,:,:] * delta(a,c) 
hs[3][c,i,j,:,b,k,:,:] = -1 * H[:,l,:,:] * delta(a,d) 
hs[3][c,d,i,:,a,b,:,:] = 1 * H[:,l,:,:] * delta(k,j) 
hs[3][c,d,j,:,a,b,:,:] = 1 * H[:,l,:,:] * delta(k,i) 
===========
Between 1-body and 2-body operators -- ADJ ADJ
operator number  48
hs[3][i,j,k,:,a,c,d,:] = 2 * H[b,:,l,:] 
hs[3][i,j,l,:,a,c,d,:] = 2 * H[b,:,k,:] 
hs[3][i,j,k,:,a,c,d,:] = 2 * H[b,:,:,l] 
hs[3][i,j,l,:,a,c,d,:] = 2 * H[b,:,:,k] 
hs[3][i,j,k,l,a,c,:,:] = -2 * H[b,d,:,:] 
hs[3][i,j,k,l,a,d,:,:] = -2 * H[b,c,:,:] 
hs[3][i,j,k,:,a,c,d,:] = 2 * H[:,b,l,:] 
hs[3][i,j,l,:,a,c,d,:] = 2 * H[:,b,k,:] 
hs[3][i,j,k,:,a,c,d,:] = 2 * H[:,b,:,l] 
hs[3][i,j,l,:,a,c,d,:] = 2 * H[:,b,:,k] 
hs[3][i,j,k,l,a,c,:,:] = -2 * H[d,b,:,:] 
hs[3][i,j,k,l,a,d,:,:] = -2 * H[c,b,:,:] 
hs[3][i,j,k,:,b,c,d,:] = 2 * H[a,:,l,:] 
hs[3][i,j,l,:,b,c,d,:] = 2 * H[a,:,k,:] 
hs[3][i,j,k,:,b,c,d,:] = 2 * H[a,:,:,l] 
hs[3][i,j,l,:,b,c,d,:] = 2 * H[a,:,:,k] 
hs[3][i,j,k,l,b,c,:,:] = -2 * H[a,d,:,:] 
hs[3][i,j,k,l,b,d,:,:] = -2 * H[a,c,:,:] 
hs[3][i,j,k,:,b,c,d,:] = 2 * H[:,a,l,:] 
hs[3][i,j,l,:,b,c,d,:] = 2 * H[:,a,k,:] 
hs[3][i,j,k,:,b,c,d,:] = 2 * H[:,a,:,l] 
hs[3][i,j,l,:,b,c,d,:] = 2 * H[:,a,:,k] 
hs[3][i,j,k,l,b,c,:,:] = -2 * H[d,a,:,:] 
hs[3][i,j,k,l,b,d,:,:] = -2 * H[c,a,:,:] 
hs[3][i,k,:,:,a,b,c,d] = -2 * H[:,:,j,l] 
hs[3][i,l,:,:,a,b,c,d] = -2 * H[:,:,j,k] 
hs[3][i,k,l,:,a,b,c,:] = 2 * H[d,:,j,:] 
hs[3][i,k,l,:,a,b,c,:] = 2 * H[:,d,j,:] 
hs[3][i,k,l,:,a,b,d,:] = 2 * H[c,:,j,:] 
hs[3][i,k,l,:,a,b,d,:] = 2 * H[:,c,j,:] 
hs[3][j,k,:,:,a,b,c,d] = -2 * H[:,:,i,l] 
hs[3][j,l,:,:,a,b,c,d] = -2 * H[:,:,i,k] 
hs[3][j,k,l,:,a,b,c,:] = 2 * H[d,:,i,:] 
hs[3][j,k,l,:,a,b,c,:] = 2 * H[:,d,i,:] 
hs[3][j,k,l,:,a,b,d,:] = 2 * H[c,:,i,:] 
hs[3][j,k,l,:,a,b,d,:] = 2 * H[:,c,i,:] 
hs[3][i,k,:,:,a,b,c,d] = -2 * H[:,:,l,j] 
hs[3][i,l,:,:,a,b,c,d] = -2 * H[:,:,k,j] 
hs[3][i,k,l,:,a,b,c,:] = 2 * H[d,:,:,j] 
hs[3][i,k,l,:,a,b,c,:] = 2 * H[:,d,:,j] 
hs[3][i,k,l,:,a,b,d,:] = 2 * H[c,:,:,j] 
hs[3][i,k,l,:,a,b,d,:] = 2 * H[:,c,:,j] 
hs[3][j,k,:,:,a,b,c,d] = -2 * H[:,:,l,i] 
hs[3][j,l,:,:,a,b,c,d] = -2 * H[:,:,k,i] 
hs[3][j,k,l,:,a,b,c,:] = 2 * H[d,:,:,i] 
hs[3][j,k,l,:,a,b,c,:] = 2 * H[:,d,:,i] 
hs[3][j,k,l,:,a,b,d,:] = 2 * H[c,:,:,i] 
hs[3][j,k,l,:,a,b,d,:] = 2 * H[:,c,:,i] 
===========
